<?xml version="1.0" encoding="UTF-8"?>
<!-- Generated by org.testng.reporters.JUnitXMLReporter -->
<testsuite ignored="1" hostname="AIPLLTH405" failures="0" tests="2" name="Test" time="168.762" errors="0" timestamp="2022-04-14T14:47:53 IST">
  <testcase classname="com.taxilla.apps.testscripts.TC_000_Cancellation_OutwardTransactionV3" name="cancellationOfRequestInOutwardTransactionV3" time="128.219"/>
  <testcase classname="com.taxilla.apps.commonutil.StatusReporting" name="StatusReporting" time="1.099"/>
  <testcase classname="com.taxilla.apps.testbase.TestBase" name="@BeforeTest init" time="0.0">
    <ignored/>
  </testcase> <!-- @BeforeTest init -->
</testsuite> <!-- Test -->
